[debug] [2021-09-02T16:55:55.026Z] ----------------------------------------------------------------------
[debug] [2021-09-02T16:55:55.028Z] Command:       C:\Program Files\nodejs\node.exe C:\Users\kautilya\AppData\Roaming\npm\node_modules\firebase-tools\lib\bin\firebase.js init
[debug] [2021-09-02T16:55:55.029Z] CLI Version:   9.17.0
[debug] [2021-09-02T16:55:55.029Z] Platform:      win32
[debug] [2021-09-02T16:55:55.029Z] Node Version:  v16.8.0
[debug] [2021-09-02T16:55:55.030Z] Time:          Thu Sep 02 2021 22:25:55 GMT+0530 (India Standard Time)
[debug] [2021-09-02T16:55:55.031Z] ----------------------------------------------------------------------
[debug] 
[debug] [2021-09-02T16:55:55.040Z] > command requires scopes: ["email","openid","https://www.googleapis.com/auth/cloudplatformprojects.readonly","https://www.googleapis.com/auth/firebase","https://www.googleapis.com/auth/cloud-platform"]
[debug] [2021-09-02T16:55:55.040Z] > authorizing via signed-in user (sudeendrapacharya@gmail.com)
[info] 
     ######## #### ########  ######## ########     ###     ######  ########
     ##        ##  ##     ## ##       ##     ##  ##   ##  ##       ##
     ######    ##  ########  ######   ########  #########  ######  ######
     ##        ##  ##    ##  ##       ##     ## ##     ##       ## ##
     ##       #### ##     ## ######## ########  ##     ##  ######  ########

You're about to initialize a Firebase project in this directory:

  E:\Flutter project

[info] 
=== Project Setup
[info] 
[info] First, let's associate this project directory with a Firebase project.
[info] You can create multiple project aliases by running firebase use --add, 
[info] but for now we'll just set up a default project.
[info] 
[debug] [2021-09-02T16:56:18.025Z] >>> [apiv2][query] GET https://firebase.googleapis.com/v1beta1/projects pageSize=100
[debug] [2021-09-02T16:56:19.039Z] <<< [apiv2][status] GET https://firebase.googleapis.com/v1beta1/projects 200
[debug] [2021-09-02T16:56:19.039Z] <<< [apiv2][body] GET https://firebase.googleapis.com/v1beta1/projects [omitted]
